Analysis & Synthesis report for quartus
Tue Dec 07 20:56:37 2021
Quartus Prime Version 20.1.1 Build 720 11/11/2020 SJ Lite Edition


---------------------
; Table of Contents ;
---------------------
  1. Legal Notice
  2. Analysis & Synthesis Summary
  3. Analysis & Synthesis Settings
  4. Parallel Compilation
  5. Analysis & Synthesis Source Files Read
  6. Analysis & Synthesis Resource Usage Summary
  7. Analysis & Synthesis Resource Utilization by Entity
  8. Registers Removed During Synthesis
  9. General Register Statistics
 10. Analysis & Synthesis Messages



----------------
; Legal Notice ;
----------------
Copyright (C) 2020  Intel Corporation. All rights reserved.
Your use of Intel Corporation's design tools, logic functions 
and other software and tools, and any partner logic 
functions, and any output files from any of the foregoing 
(including device programming or simulation files), and any 
associated documentation or information are expressly subject 
to the terms and conditions of the Intel Program License 
Subscription Agreement, the Intel Quartus Prime License Agreement,
the Intel FPGA IP License Agreement, or other applicable license
agreement, including, without limitation, that your use is for
the sole purpose of programming logic devices manufactured by
Intel and sold by Intel or its authorized distributors.  Please
refer to the applicable agreement for further details, at
https://fpgasoftware.intel.com/eula.



+---------------------------------------------------------------------------+
; Analysis & Synthesis Summary                                              ;
+-----------------------------+---------------------------------------------+
; Analysis & Synthesis Status ; Successful - Tue Dec 07 20:56:37 2021       ;
; Quartus Prime Version       ; 20.1.1 Build 720 11/11/2020 SJ Lite Edition ;
; Revision Name               ; quartus                                     ;
; Top-level Entity Name       ; decimal_to_alphabet                         ;
; Family                      ; MAX V                                       ;
; Total logic elements        ; 67                                          ;
; Total pins                  ; 53                                          ;
; Total virtual pins          ; 0                                           ;
; UFM blocks                  ; 0 / 1 ( 0 % )                               ;
+-----------------------------+---------------------------------------------+


+-------------------------------------------------------------------------------------------------------------+
; Analysis & Synthesis Settings                                                                               ;
+------------------------------------------------------------------+---------------------+--------------------+
; Option                                                           ; Setting             ; Default Value      ;
+------------------------------------------------------------------+---------------------+--------------------+
; Top-level entity name                                            ; decimal_to_alphabet ; quartus            ;
; Family name                                                      ; MAX V               ; Cyclone V          ;
; Use smart compilation                                            ; Off                 ; Off                ;
; Enable parallel Assembler and Timing Analyzer during compilation ; On                  ; On                 ;
; Enable compact report table                                      ; Off                 ; Off                ;
; Restructure Multiplexers                                         ; Auto                ; Auto               ;
; Create Debugging Nodes for IP Cores                              ; Off                 ; Off                ;
; Preserve fewer node names                                        ; On                  ; On                 ;
; Intel FPGA IP Evaluation Mode                                    ; Enable              ; Enable             ;
; Verilog Version                                                  ; Verilog_2001        ; Verilog_2001       ;
; VHDL Version                                                     ; VHDL_1993           ; VHDL_1993          ;
; State Machine Processing                                         ; Auto                ; Auto               ;
; Safe State Machine                                               ; Off                 ; Off                ;
; Extract Verilog State Machines                                   ; On                  ; On                 ;
; Extract VHDL State Machines                                      ; On                  ; On                 ;
; Ignore Verilog initial constructs                                ; Off                 ; Off                ;
; Iteration limit for constant Verilog loops                       ; 5000                ; 5000               ;
; Iteration limit for non-constant Verilog loops                   ; 250                 ; 250                ;
; Add Pass-Through Logic to Inferred RAMs                          ; On                  ; On                 ;
; Infer RAMs from Raw Logic                                        ; On                  ; On                 ;
; Parallel Synthesis                                               ; On                  ; On                 ;
; NOT Gate Push-Back                                               ; On                  ; On                 ;
; Power-Up Don't Care                                              ; On                  ; On                 ;
; Remove Redundant Logic Cells                                     ; Off                 ; Off                ;
; Remove Duplicate Registers                                       ; On                  ; On                 ;
; Ignore CARRY Buffers                                             ; Off                 ; Off                ;
; Ignore CASCADE Buffers                                           ; Off                 ; Off                ;
; Ignore GLOBAL Buffers                                            ; Off                 ; Off                ;
; Ignore ROW GLOBAL Buffers                                        ; Off                 ; Off                ;
; Ignore LCELL Buffers                                             ; Off                 ; Off                ;
; Ignore SOFT Buffers                                              ; On                  ; On                 ;
; Limit AHDL Integers to 32 Bits                                   ; Off                 ; Off                ;
; Optimization Technique                                           ; Balanced            ; Balanced           ;
; Carry Chain Length                                               ; 70                  ; 70                 ;
; Auto Carry Chains                                                ; On                  ; On                 ;
; Auto Open-Drain Pins                                             ; On                  ; On                 ;
; Perform WYSIWYG Primitive Resynthesis                            ; Off                 ; Off                ;
; Auto Shift Register Replacement                                  ; Auto                ; Auto               ;
; Allow Shift Register Merging across Hierarchies                  ; Auto                ; Auto               ;
; Auto Clock Enable Replacement                                    ; On                  ; On                 ;
; Allow Synchronous Control Signals                                ; On                  ; On                 ;
; Force Use of Synchronous Clear Signals                           ; Off                 ; Off                ;
; Auto Resource Sharing                                            ; Off                 ; Off                ;
; Use LogicLock Constraints during Resource Balancing              ; On                  ; On                 ;
; Ignore translate_off and synthesis_off directives                ; Off                 ; Off                ;
; Report Parameter Settings                                        ; On                  ; On                 ;
; Report Source Assignments                                        ; On                  ; On                 ;
; Report Connectivity Checks                                       ; On                  ; On                 ;
; Ignore Maximum Fan-Out Assignments                               ; Off                 ; Off                ;
; Synchronization Register Chain Length                            ; 2                   ; 2                  ;
; Power Optimization During Synthesis                              ; Normal compilation  ; Normal compilation ;
; HDL message level                                                ; Level2              ; Level2             ;
; Suppress Register Optimization Related Messages                  ; Off                 ; Off                ;
; Number of Removed Registers Reported in Synthesis Report         ; 5000                ; 5000               ;
; Number of Swept Nodes Reported in Synthesis Report               ; 5000                ; 5000               ;
; Number of Inverted Registers Reported in Synthesis Report        ; 100                 ; 100                ;
; Clock MUX Protection                                             ; On                  ; On                 ;
; Block Design Naming                                              ; Auto                ; Auto               ;
; Synthesis Effort                                                 ; Auto                ; Auto               ;
; Shift Register Replacement - Allow Asynchronous Clear Signal     ; On                  ; On                 ;
; Analysis & Synthesis Message Level                               ; Medium              ; Medium             ;
; Disable Register Merging Across Hierarchies                      ; Auto                ; Auto               ;
+------------------------------------------------------------------+---------------------+--------------------+


+------------------------------------------+
; Parallel Compilation                     ;
+----------------------------+-------------+
; Processors                 ; Number      ;
+----------------------------+-------------+
; Number detected on machine ; 6           ;
; Maximum allowed            ; 6           ;
;                            ;             ;
; Average used               ; 1.00        ;
; Maximum used               ; 1           ;
;                            ;             ;
; Usage by Processor         ; % Time Used ;
;     Processor 1            ; 100.0%      ;
+----------------------------+-------------+


+-------------------------------------------------------------------------------------------------------------------------------------------------------------------------------------------------+
; Analysis & Synthesis Source Files Read                                                                                                                                                          ;
+----------------------------------+-----------------+------------------------------------+---------------------------------------------------------------------------------------------+---------+
; File Name with User-Entered Path ; Used in Netlist ; File Type                          ; File Name with Absolute Path                                                                ; Library ;
+----------------------------------+-----------------+------------------------------------+---------------------------------------------------------------------------------------------+---------+
; half_adder.bdf                   ; yes             ; User Block Diagram/Schematic File  ; C:/Users/user/Desktop/Logic-circuit-and-design/term_project/quartus/half_adder.bdf          ;         ;
; full_adder.bdf                   ; yes             ; User Block Diagram/Schematic File  ; C:/Users/user/Desktop/Logic-circuit-and-design/term_project/quartus/full_adder.bdf          ;         ;
; mx_2x1.bdf                       ; yes             ; User Block Diagram/Schematic File  ; C:/Users/user/Desktop/Logic-circuit-and-design/term_project/quartus/mx_2x1.bdf              ;         ;
; four_bit_register.bdf            ; yes             ; User Block Diagram/Schematic File  ; C:/Users/user/Desktop/Logic-circuit-and-design/term_project/quartus/four_bit_register.bdf   ;         ;
; eight_bit_register.bdf           ; yes             ; User Block Diagram/Schematic File  ; C:/Users/user/Desktop/Logic-circuit-and-design/term_project/quartus/eight_bit_register.bdf  ;         ;
; decimal_to_alphabet.bdf          ; yes             ; User Block Diagram/Schematic File  ; C:/Users/user/Desktop/Logic-circuit-and-design/term_project/quartus/decimal_to_alphabet.bdf ;         ;
; counter4.bdf                     ; yes             ; User Block Diagram/Schematic File  ; C:/Users/user/Desktop/Logic-circuit-and-design/term_project/quartus/counter4.bdf            ;         ;
; adder_8bit_2bit.bdf              ; yes             ; User Block Diagram/Schematic File  ; C:/Users/user/Desktop/Logic-circuit-and-design/term_project/quartus/adder_8bit_2bit.bdf     ;         ;
; counter2.bdf                     ; yes             ; User Block Diagram/Schematic File  ; C:/Users/user/Desktop/Logic-circuit-and-design/term_project/quartus/counter2.bdf            ;         ;
; or_8bit.bdf                      ; yes             ; User Block Diagram/Schematic File  ; C:/Users/user/Desktop/Logic-circuit-and-design/term_project/quartus/or_8bit.bdf             ;         ;
; bitToBus_8bit.bdf                ; yes             ; User Block Diagram/Schematic File  ; C:/Users/user/Desktop/Logic-circuit-and-design/term_project/quartus/bitToBus_8bit.bdf       ;         ;
+----------------------------------+-----------------+------------------------------------+---------------------------------------------------------------------------------------------+---------+


+-----------------------------------------------------+
; Analysis & Synthesis Resource Usage Summary         ;
+---------------------------------------------+-------+
; Resource                                    ; Usage ;
+---------------------------------------------+-------+
; Total logic elements                        ; 67    ;
;     -- Combinational with no register       ; 48    ;
;     -- Register only                        ; 0     ;
;     -- Combinational with a register        ; 19    ;
;                                             ;       ;
; Logic element usage by number of LUT inputs ;       ;
;     -- 4 input functions                    ; 37    ;
;     -- 3 input functions                    ; 7     ;
;     -- 2 input functions                    ; 16    ;
;     -- 1 input functions                    ; 7     ;
;     -- 0 input functions                    ; 0     ;
;                                             ;       ;
; Logic elements by mode                      ;       ;
;     -- normal mode                          ; 67    ;
;     -- arithmetic mode                      ; 0     ;
;     -- qfbk mode                            ; 0     ;
;     -- register cascade mode                ; 0     ;
;     -- synchronous clear/load mode          ; 0     ;
;     -- asynchronous clear/load mode         ; 19    ;
;                                             ;       ;
; Total registers                             ; 19    ;
; I/O pins                                    ; 53    ;
; Maximum fan-out node                        ; rst   ;
; Maximum fan-out                             ; 45    ;
; Total fan-out                               ; 290   ;
; Average fan-out                             ; 2.42  ;
+---------------------------------------------+-------+


+----------------------------------------------------------------------------------------------------------------------------------------------------------------------------------------------------------------------------------------------------------------------------------------------------------+
; Analysis & Synthesis Resource Utilization by Entity                                                                                                                                                                                                                                                      ;
+---------------------------------+-------------+--------------+------------+------+--------------+--------------+-------------------+------------------+-----------------+------------+------------------------------------------------------------------------------+---------------------+--------------+
; Compilation Hierarchy Node      ; Logic Cells ; LC Registers ; UFM Blocks ; Pins ; Virtual Pins ; LUT-Only LCs ; Register-Only LCs ; LUT/Register LCs ; Carry Chain LCs ; Packed LCs ; Full Hierarchy Name                                                          ; Entity Name         ; Library Name ;
+---------------------------------+-------------+--------------+------------+------+--------------+--------------+-------------------+------------------+-----------------+------------+------------------------------------------------------------------------------+---------------------+--------------+
; |decimal_to_alphabet            ; 67 (17)     ; 19           ; 0          ; 53   ; 0            ; 48 (17)      ; 0 (0)             ; 19 (0)           ; 0 (0)           ; 0 (0)      ; |decimal_to_alphabet                                                         ; decimal_to_alphabet ; work         ;
;    |adder_8bit_2bit:in432st|    ; 5 (0)       ; 0            ; 0          ; 0    ; 0            ; 5 (0)        ; 0 (0)             ; 0 (0)            ; 0 (0)           ; 0 (0)      ; |decimal_to_alphabet|adder_8bit_2bit:in432st                                 ; adder_8bit_2bit     ; work         ;
;       |full_adder:inst1|        ; 1 (1)       ; 0            ; 0          ; 0    ; 0            ; 1 (1)        ; 0 (0)             ; 0 (0)            ; 0 (0)           ; 0 (0)      ; |decimal_to_alphabet|adder_8bit_2bit:in432st|full_adder:inst1                ; full_adder          ; work         ;
;       |full_adder:inst2|        ; 1 (1)       ; 0            ; 0          ; 0    ; 0            ; 1 (1)        ; 0 (0)             ; 0 (0)            ; 0 (0)           ; 0 (0)      ; |decimal_to_alphabet|adder_8bit_2bit:in432st|full_adder:inst2                ; full_adder          ; work         ;
;       |full_adder:inst5|        ; 1 (1)       ; 0            ; 0          ; 0    ; 0            ; 1 (1)        ; 0 (0)             ; 0 (0)            ; 0 (0)           ; 0 (0)      ; |decimal_to_alphabet|adder_8bit_2bit:in432st|full_adder:inst5                ; full_adder          ; work         ;
;       |full_adder:inst6|        ; 1 (1)       ; 0            ; 0          ; 0    ; 0            ; 1 (1)        ; 0 (0)             ; 0 (0)            ; 0 (0)           ; 0 (0)      ; |decimal_to_alphabet|adder_8bit_2bit:in432st|full_adder:inst6                ; full_adder          ; work         ;
;       |full_adder:inst|         ; 1 (0)       ; 0            ; 0          ; 0    ; 0            ; 1 (0)        ; 0 (0)             ; 0 (0)            ; 0 (0)           ; 0 (0)      ; |decimal_to_alphabet|adder_8bit_2bit:in432st|full_adder:inst                 ; full_adder          ; work         ;
;          |half_adder:inst|      ; 1 (1)       ; 0            ; 0          ; 0    ; 0            ; 1 (1)        ; 0 (0)             ; 0 (0)            ; 0 (0)           ; 0 (0)      ; |decimal_to_alphabet|adder_8bit_2bit:in432st|full_adder:inst|half_adder:inst ; half_adder          ; work         ;
;    |adder_8bit_2bit:inst54|     ; 5 (0)       ; 0            ; 0          ; 0    ; 0            ; 5 (0)        ; 0 (0)             ; 0 (0)            ; 0 (0)           ; 0 (0)      ; |decimal_to_alphabet|adder_8bit_2bit:inst54                                  ; adder_8bit_2bit     ; work         ;
;       |full_adder:inst1|        ; 1 (1)       ; 0            ; 0          ; 0    ; 0            ; 1 (1)        ; 0 (0)             ; 0 (0)            ; 0 (0)           ; 0 (0)      ; |decimal_to_alphabet|adder_8bit_2bit:inst54|full_adder:inst1                 ; full_adder          ; work         ;
;       |full_adder:inst2|        ; 1 (1)       ; 0            ; 0          ; 0    ; 0            ; 1 (1)        ; 0 (0)             ; 0 (0)            ; 0 (0)           ; 0 (0)      ; |decimal_to_alphabet|adder_8bit_2bit:inst54|full_adder:inst2                 ; full_adder          ; work         ;
;       |full_adder:inst3|        ; 1 (1)       ; 0            ; 0          ; 0    ; 0            ; 1 (1)        ; 0 (0)             ; 0 (0)            ; 0 (0)           ; 0 (0)      ; |decimal_to_alphabet|adder_8bit_2bit:inst54|full_adder:inst3                 ; full_adder          ; work         ;
;       |full_adder:inst6|        ; 1 (1)       ; 0            ; 0          ; 0    ; 0            ; 1 (1)        ; 0 (0)             ; 0 (0)            ; 0 (0)           ; 0 (0)      ; |decimal_to_alphabet|adder_8bit_2bit:inst54|full_adder:inst6                 ; full_adder          ; work         ;
;       |full_adder:inst|         ; 1 (0)       ; 0            ; 0          ; 0    ; 0            ; 1 (0)        ; 0 (0)             ; 0 (0)            ; 0 (0)           ; 0 (0)      ; |decimal_to_alphabet|adder_8bit_2bit:inst54|full_adder:inst                  ; full_adder          ; work         ;
;          |half_adder:inst|      ; 1 (1)       ; 0            ; 0          ; 0    ; 0            ; 1 (1)        ; 0 (0)             ; 0 (0)            ; 0 (0)           ; 0 (0)      ; |decimal_to_alphabet|adder_8bit_2bit:inst54|full_adder:inst|half_adder:inst  ; half_adder          ; work         ;
;    |adder_8bit_2bit:inst55|     ; 4 (0)       ; 0            ; 0          ; 0    ; 0            ; 4 (0)        ; 0 (0)             ; 0 (0)            ; 0 (0)           ; 0 (0)      ; |decimal_to_alphabet|adder_8bit_2bit:inst55                                  ; adder_8bit_2bit     ; work         ;
;       |full_adder:inst1|        ; 1 (1)       ; 0            ; 0          ; 0    ; 0            ; 1 (1)        ; 0 (0)             ; 0 (0)            ; 0 (0)           ; 0 (0)      ; |decimal_to_alphabet|adder_8bit_2bit:inst55|full_adder:inst1                 ; full_adder          ; work         ;
;       |full_adder:inst2|        ; 1 (1)       ; 0            ; 0          ; 0    ; 0            ; 1 (1)        ; 0 (0)             ; 0 (0)            ; 0 (0)           ; 0 (0)      ; |decimal_to_alphabet|adder_8bit_2bit:inst55|full_adder:inst2                 ; full_adder          ; work         ;
;       |full_adder:inst3|        ; 1 (1)       ; 0            ; 0          ; 0    ; 0            ; 1 (1)        ; 0 (0)             ; 0 (0)            ; 0 (0)           ; 0 (0)      ; |decimal_to_alphabet|adder_8bit_2bit:inst55|full_adder:inst3                 ; full_adder          ; work         ;
;       |full_adder:inst|         ; 1 (0)       ; 0            ; 0          ; 0    ; 0            ; 1 (0)        ; 0 (0)             ; 0 (0)            ; 0 (0)           ; 0 (0)      ; |decimal_to_alphabet|adder_8bit_2bit:inst55|full_adder:inst                  ; full_adder          ; work         ;
;          |half_adder:inst|      ; 1 (1)       ; 0            ; 0          ; 0    ; 0            ; 1 (1)        ; 0 (0)             ; 0 (0)            ; 0 (0)           ; 0 (0)      ; |decimal_to_alphabet|adder_8bit_2bit:inst55|full_adder:inst|half_adder:inst  ; half_adder          ; work         ;
;    |adder_8bit_2bit:inst56|     ; 6 (0)       ; 0            ; 0          ; 0    ; 0            ; 6 (0)        ; 0 (0)             ; 0 (0)            ; 0 (0)           ; 0 (0)      ; |decimal_to_alphabet|adder_8bit_2bit:inst56                                  ; adder_8bit_2bit     ; work         ;
;       |full_adder:inst1|        ; 1 (1)       ; 0            ; 0          ; 0    ; 0            ; 1 (1)        ; 0 (0)             ; 0 (0)            ; 0 (0)           ; 0 (0)      ; |decimal_to_alphabet|adder_8bit_2bit:inst56|full_adder:inst1                 ; full_adder          ; work         ;
;       |full_adder:inst2|        ; 1 (1)       ; 0            ; 0          ; 0    ; 0            ; 1 (1)        ; 0 (0)             ; 0 (0)            ; 0 (0)           ; 0 (0)      ; |decimal_to_alphabet|adder_8bit_2bit:inst56|full_adder:inst2                 ; full_adder          ; work         ;
;       |full_adder:inst3|        ; 1 (1)       ; 0            ; 0          ; 0    ; 0            ; 1 (1)        ; 0 (0)             ; 0 (0)            ; 0 (0)           ; 0 (0)      ; |decimal_to_alphabet|adder_8bit_2bit:inst56|full_adder:inst3                 ; full_adder          ; work         ;
;       |full_adder:inst4|        ; 1 (1)       ; 0            ; 0          ; 0    ; 0            ; 1 (1)        ; 0 (0)             ; 0 (0)            ; 0 (0)           ; 0 (0)      ; |decimal_to_alphabet|adder_8bit_2bit:inst56|full_adder:inst4                 ; full_adder          ; work         ;
;       |full_adder:inst6|        ; 1 (1)       ; 0            ; 0          ; 0    ; 0            ; 1 (1)        ; 0 (0)             ; 0 (0)            ; 0 (0)           ; 0 (0)      ; |decimal_to_alphabet|adder_8bit_2bit:inst56|full_adder:inst6                 ; full_adder          ; work         ;
;       |full_adder:inst|         ; 1 (0)       ; 0            ; 0          ; 0    ; 0            ; 1 (0)        ; 0 (0)             ; 0 (0)            ; 0 (0)           ; 0 (0)      ; |decimal_to_alphabet|adder_8bit_2bit:inst56|full_adder:inst                  ; full_adder          ; work         ;
;          |half_adder:inst|      ; 1 (1)       ; 0            ; 0          ; 0    ; 0            ; 1 (1)        ; 0 (0)             ; 0 (0)            ; 0 (0)           ; 0 (0)      ; |decimal_to_alphabet|adder_8bit_2bit:inst56|full_adder:inst|half_adder:inst  ; half_adder          ; work         ;
;    |adder_8bit_2bit:inst57|     ; 1 (0)       ; 0            ; 0          ; 0    ; 0            ; 1 (0)        ; 0 (0)             ; 0 (0)            ; 0 (0)           ; 0 (0)      ; |decimal_to_alphabet|adder_8bit_2bit:inst57                                  ; adder_8bit_2bit     ; work         ;
;       |full_adder:inst1|        ; 1 (1)       ; 0            ; 0          ; 0    ; 0            ; 1 (1)        ; 0 (0)             ; 0 (0)            ; 0 (0)           ; 0 (0)      ; |decimal_to_alphabet|adder_8bit_2bit:inst57|full_adder:inst1                 ; full_adder          ; work         ;
;    |adder_8bit_2bit:inst58|     ; 2 (0)       ; 0            ; 0          ; 0    ; 0            ; 2 (0)        ; 0 (0)             ; 0 (0)            ; 0 (0)           ; 0 (0)      ; |decimal_to_alphabet|adder_8bit_2bit:inst58                                  ; adder_8bit_2bit     ; work         ;
;       |full_adder:inst1|        ; 2 (2)       ; 0            ; 0          ; 0    ; 0            ; 2 (2)        ; 0 (0)             ; 0 (0)            ; 0 (0)           ; 0 (0)      ; |decimal_to_alphabet|adder_8bit_2bit:inst58|full_adder:inst1                 ; full_adder          ; work         ;
;    |counter2:inst14|            ; 1 (1)       ; 1            ; 0          ; 0    ; 0            ; 0 (0)        ; 0 (0)             ; 1 (1)            ; 0 (0)           ; 0 (0)      ; |decimal_to_alphabet|counter2:inst14                                         ; counter2            ; work         ;
;    |counter4:inst444|           ; 2 (2)       ; 2            ; 0          ; 0    ; 0            ; 0 (0)        ; 0 (0)             ; 2 (2)            ; 0 (0)           ; 0 (0)      ; |decimal_to_alphabet|counter4:inst444                                        ; counter4            ; work         ;
;    |counter4:inst445|           ; 2 (2)       ; 2            ; 0          ; 0    ; 0            ; 0 (0)        ; 0 (0)             ; 2 (2)            ; 0 (0)           ; 0 (0)      ; |decimal_to_alphabet|counter4:inst445                                        ; counter4            ; work         ;
;    |counter4:inst446|           ; 2 (2)       ; 2            ; 0          ; 0    ; 0            ; 0 (0)        ; 0 (0)             ; 2 (2)            ; 0 (0)           ; 0 (0)      ; |decimal_to_alphabet|counter4:inst446                                        ; counter4            ; work         ;
;    |counter4:inst447|           ; 2 (2)       ; 2            ; 0          ; 0    ; 0            ; 0 (0)        ; 0 (0)             ; 2 (2)            ; 0 (0)           ; 0 (0)      ; |decimal_to_alphabet|counter4:inst447                                        ; counter4            ; work         ;
;    |counter4:inst5|             ; 2 (2)       ; 2            ; 0          ; 0    ; 0            ; 0 (0)        ; 0 (0)             ; 2 (2)            ; 0 (0)           ; 0 (0)      ; |decimal_to_alphabet|counter4:inst5                                          ; counter4            ; work         ;
;    |counter4:inst6|             ; 2 (2)       ; 2            ; 0          ; 0    ; 0            ; 0 (0)        ; 0 (0)             ; 2 (2)            ; 0 (0)           ; 0 (0)      ; |decimal_to_alphabet|counter4:inst6                                          ; counter4            ; work         ;
;    |eight_bit_register:inst|    ; 6 (0)       ; 6            ; 0          ; 0    ; 0            ; 0 (0)        ; 0 (0)             ; 6 (0)            ; 0 (0)           ; 0 (0)      ; |decimal_to_alphabet|eight_bit_register:inst                                 ; eight_bit_register  ; work         ;
;       |four_bit_register:inst1| ; 2 (2)       ; 2            ; 0          ; 0    ; 0            ; 0 (0)        ; 0 (0)             ; 2 (2)            ; 0 (0)           ; 0 (0)      ; |decimal_to_alphabet|eight_bit_register:inst|four_bit_register:inst1         ; four_bit_register   ; work         ;
;       |four_bit_register:inst|  ; 4 (4)       ; 4            ; 0          ; 0    ; 0            ; 0 (0)        ; 0 (0)             ; 4 (4)            ; 0 (0)           ; 0 (0)      ; |decimal_to_alphabet|eight_bit_register:inst|four_bit_register:inst          ; four_bit_register   ; work         ;
;    |or_8bit:inst41|             ; 8 (8)       ; 0            ; 0          ; 0    ; 0            ; 8 (8)        ; 0 (0)             ; 0 (0)            ; 0 (0)           ; 0 (0)      ; |decimal_to_alphabet|or_8bit:inst41                                          ; or_8bit             ; work         ;
+---------------------------------+-------------+--------------+------------+------+--------------+--------------+-------------------+------------------+-----------------+------------+------------------------------------------------------------------------------+---------------------+--------------+
Note: For table entries with two numbers listed, the numbers in parentheses indicate the number of resources of the given type used by the specific entity alone. The numbers listed outside of parentheses indicate the total resources of the given type used by the specific entity and all of its sub-entities in the hierarchy.


+------------------------------------------------------------------------------------------------+
; Registers Removed During Synthesis                                                             ;
+-------------------------------------------------------+----------------------------------------+
; Register name                                         ; Reason for Removal                     ;
+-------------------------------------------------------+----------------------------------------+
; eight_bit_register:inst|four_bit_register:inst1|inst3 ; Stuck at GND due to stuck port data_in ;
; eight_bit_register:inst|four_bit_register:inst1|inst1 ; Stuck at GND due to stuck port data_in ;
; Total Number of Removed Registers = 2                 ;                                        ;
+-------------------------------------------------------+----------------------------------------+


+------------------------------------------------------+
; General Register Statistics                          ;
+----------------------------------------------+-------+
; Statistic                                    ; Value ;
+----------------------------------------------+-------+
; Total registers                              ; 19    ;
; Number of registers using Synchronous Clear  ; 0     ;
; Number of registers using Synchronous Load   ; 0     ;
; Number of registers using Asynchronous Clear ; 19    ;
; Number of registers using Asynchronous Load  ; 0     ;
; Number of registers using Clock Enable       ; 6     ;
; Number of registers using Preset             ; 0     ;
+----------------------------------------------+-------+


+-------------------------------+
; Analysis & Synthesis Messages ;
+-------------------------------+
Info: *******************************************************************
Info: Running Quartus Prime Analysis & Synthesis
    Info: Version 20.1.1 Build 720 11/11/2020 SJ Lite Edition
    Info: Processing started: Tue Dec 07 20:56:30 2021
Info: Command: quartus_map --read_settings_files=on --write_settings_files=off quartus -c quartus
Warning (18236): Number of processors has not been specified which may cause overloading on shared machines.  Set the global assignment NUM_PARALLEL_PROCESSORS in your QSF to an appropriate value for best performance.
Info (20030): Parallel compilation is enabled and will use 6 of the 6 processors detected
Info (12021): Found 1 design units, including 1 entities, in source file half_adder.bdf
    Info (12023): Found entity 1: half_adder
Info (12021): Found 1 design units, including 1 entities, in source file full_adder.bdf
    Info (12023): Found entity 1: full_adder
Info (12021): Found 1 design units, including 1 entities, in source file mx_4bit_2x1.bdf
    Info (12023): Found entity 1: mx_4bit_2x1
Info (12021): Found 1 design units, including 1 entities, in source file mx_2x1.bdf
    Info (12023): Found entity 1: mx_2x1
Info (12021): Found 1 design units, including 1 entities, in source file four_bit_register.bdf
    Info (12023): Found entity 1: four_bit_register
Info (12021): Found 1 design units, including 1 entities, in source file eight_bit_register.bdf
    Info (12023): Found entity 1: eight_bit_register
Info (12021): Found 1 design units, including 1 entities, in source file decimal_to_alphabet.bdf
    Info (12023): Found entity 1: decimal_to_alphabet
Info (12021): Found 1 design units, including 1 entities, in source file counter4.bdf
    Info (12023): Found entity 1: counter4
Info (12021): Found 1 design units, including 1 entities, in source file adder_8bit_2bit.bdf
    Info (12023): Found entity 1: adder_8bit_2bit
Warning (12019): Can't analyze file -- file test.bdf is missing
Warning (12019): Can't analyze file -- file quartus.bdf is missing
Info (12021): Found 1 design units, including 1 entities, in source file counter2.bdf
    Info (12023): Found entity 1: counter2
Info (12021): Found 1 design units, including 1 entities, in source file or_8bit.bdf
    Info (12023): Found entity 1: or_8bit
Info (12021): Found 1 design units, including 1 entities, in source file bittobus_8bit.bdf
    Info (12023): Found entity 1: bitToBus_8bit
Info (12127): Elaborating entity "decimal_to_alphabet" for the top level hierarchy
Info (12128): Elaborating entity "eight_bit_register" for hierarchy "eight_bit_register:inst"
Info (12128): Elaborating entity "four_bit_register" for hierarchy "eight_bit_register:inst|four_bit_register:inst"
Info (12128): Elaborating entity "mx_2x1" for hierarchy "eight_bit_register:inst|four_bit_register:inst|mx_2x1:inst5"
Info (12128): Elaborating entity "or_8bit" for hierarchy "or_8bit:inst41"
Info (12128): Elaborating entity "adder_8bit_2bit" for hierarchy "adder_8bit_2bit:in432st"
Info (12128): Elaborating entity "full_adder" for hierarchy "adder_8bit_2bit:in432st|full_adder:inst"
Info (12128): Elaborating entity "half_adder" for hierarchy "adder_8bit_2bit:in432st|full_adder:inst|half_adder:inst"
Info (12128): Elaborating entity "bitToBus_8bit" for hierarchy "bitToBus_8bit:inst123456"
Warning (275080): Converted elements in bus name "Din" using legacy naming rules. Make any assignments on the new names, not on the original names.
    Warning (275081): Converted element name(s) from "Din[0]" to "Din0"
    Warning (275081): Converted element name(s) from "Din[7]" to "Din7"
    Warning (275081): Converted element name(s) from "Din[1]" to "Din1"
    Warning (275081): Converted element name(s) from "Din[6]" to "Din6"
    Warning (275081): Converted element name(s) from "Din[5]" to "Din5"
    Warning (275081): Converted element name(s) from "Din[2]" to "Din2"
    Warning (275081): Converted element name(s) from "Din[3]" to "Din3"
    Warning (275081): Converted element name(s) from "Din[4]" to "Din4"
    Warning (275081): Converted element name(s) from "Din[7..0]" to "Din7..0"
Info (12128): Elaborating entity "counter4" for hierarchy "counter4:inst5"
Info (12128): Elaborating entity "counter2" for hierarchy "counter2:inst14"
Warning (13024): Output pins are stuck at VCC or GND
    Warning (13410): Pin "alphabet[7]" is stuck at GND
    Warning (13410): Pin "alphabet[5]" is stuck at GND
Info (21057): Implemented 120 device resources after synthesis - the final resource count might be different
    Info (21058): Implemented 13 input pins
    Info (21059): Implemented 40 output pins
    Info (21061): Implemented 67 logic cells
Info: Quartus Prime Analysis & Synthesis was successful. 0 errors, 16 warnings
    Info: Peak virtual memory: 4724 megabytes
    Info: Processing ended: Tue Dec 07 20:56:37 2021
    Info: Elapsed time: 00:00:07
    Info: Total CPU time (on all processors): 00:00:14


